SF:lib\auth\data\remote\services\auth_service.dart
DA:12,1
DA:14,0
DA:16,0
DA:22,0
DA:25,0
DA:27,0
DA:28,0
DA:33,0
DA:35,0
DA:38,0
DA:40,0
DA:41,0
DA:42,0
DA:46,0
DA:47,0
DA:49,0
DA:50,0
DA:51,0
DA:53,0
DA:54,0
DA:59,0
DA:60,0
DA:65,1
DA:68,2
DA:69,1
DA:70,1
DA:72,0
DA:74,1
DA:75,0
DA:80,0
DA:82,0
DA:83,0
DA:86,0
DA:88,0
DA:92,0
DA:95,0
DA:96,0
DA:97,0
DA:99,0
DA:100,0
DA:105,0
DA:107,0
DA:108,0
DA:115,0
DA:117,0
DA:118,0
DA:119,0
DA:120,0
DA:121,0
DA:124,0
DA:126,0
DA:127,0
LF:52
LH:6
end_of_record
SF:lib\auth\model\user.dart
DA:8,1
DA:16,0
DA:17,0
DA:18,0
DA:19,0
DA:20,0
DA:21,0
DA:22,0
DA:26,0
DA:27,0
DA:28,0
DA:29,0
DA:30,0
DA:31,0
DA:32,0
LF:15
LH:1
end_of_record
SF:lib\auth\data\remote\interfaces\i_auth_service.dart
DA:7,0
LF:1
LH:0
end_of_record
